<?xml version="1.0" encoding="UTF-8"?>
<testsuite name="Skincare Shelf is Empty" tests="2" skipped="0" failures="0" errors="0" timestamp="2022-06-16T08:47:50" hostname="DESKTOP-2FS46B7" time="0.035">
  <properties/>
  <testcase name="when add is called without products" classname="skincare.SkincareShelfSpec$isEmpty" time="0.019"/>
  <testcase name="when no skincare product is added to it" classname="skincare.SkincareShelfSpec$isEmpty" time="0.011"/>
  <system-out><![CDATA[Working on test <= SkincareShelf Specification =>
class skincare.Product
<= Shelf is initialized. =>
<= Cart from DB Deleted. =>
Working on test <= SkincareShelf Specification =>
class skincare.Product
<= Shelf is initialized. =>
<= Cart from DB Deleted. =>
]]></system-out>
  <system-err><![CDATA[]]></system-err>
</testsuite>
