<?xml version="1.0" encoding="UTF-8"?>
<testsuite name="is arranged" tests="4" skipped="0" failures="0" errors="0" timestamp="2022-06-16T08:47:50" hostname="DESKTOP-2FS46B7" time="0.056">
  <properties/>
  <testcase name="Skincare Shelf can be arranged by expiry date. Ascending" classname="skincare.SkincareShelfSpec$IsArranged" time="0.022"/>
  <testcase name="Products in Skincare shelf retain their order after calling arrange() method." classname="skincare.SkincareShelfSpec$IsArranged" time="0.006"/>
  <testcase name="Arranging the Products" classname="skincare.SkincareShelfSpec$IsArranged" time="0.005"/>
  <testcase name="Skincare shelf can be arranged by user provided criteria. Name descending" classname="skincare.SkincareShelfSpec$IsArranged" time="0.008"/>
  <system-out><![CDATA[Working on test <= SkincareShelf Specification =>
class skincare.Product
<= Shelf is initialized. =>
<= Cart from DB Deleted. =>
Working on test <= SkincareShelf Specification =>
class skincare.Product
<= Shelf is initialized. =>
<= Cart from DB Deleted. =>
Working on test <= SkincareShelf Specification =>
class skincare.Product
<= Shelf is initialized. =>
<= Cart from DB Deleted. =>
Working on test <= SkincareShelf Specification =>
class skincare.Product
<= Shelf is initialized. =>
<= Cart from DB Deleted. =>
]]></system-out>
  <system-err><![CDATA[]]></system-err>
</testsuite>
