<?xml version="1.0" encoding="UTF-8"?>
<testsuite name="&lt;= SkincareShelf Specification =&gt;" tests="0" skipped="0" failures="0" errors="0" timestamp="1970-01-01T00:00:00" hostname="DESKTOP-2FS46B7" time="0.0">
  <properties/>
  <system-out><![CDATA[<= DB Connection is Established. =>
<= DB Connection is Closed. =>
]]></system-out>
  <system-err><![CDATA[]]></system-err>
</testsuite>
