<?xml version="1.0" encoding="UTF-8"?>
<testsuite name="is Grouped" tests="4" skipped="0" failures="0" errors="0" timestamp="2022-06-16T08:47:49" hostname="DESKTOP-2FS46B7" time="0.26">
  <properties/>
  <testcase name="Products inside skincare shelf are grouped according to user provided criteria(group by expiry month)" classname="skincare.SkincareShelfSpec$IsGrouped" time="0.188"/>
  <testcase name="Products inside skincare shelf are grouped according to user provided criteria(group by first alphabet of the product name)" classname="skincare.SkincareShelfSpec$IsGrouped" time="0.016"/>
  <testcase name="Products inside skincare shelf are grouped according to user provided criteria(group by brand name)" classname="skincare.SkincareShelfSpec$IsGrouped" time="0.011"/>
  <testcase name="Products inside skincare shelf are grouped by expiry year" classname="skincare.SkincareShelfSpec$IsGrouped" time="0.019"/>
  <system-out><![CDATA[Working on test <= SkincareShelf Specification =>
class skincare.Product
<= Shelf is initialized. =>
<= Cart from DB Deleted. =>
Working on test <= SkincareShelf Specification =>
class skincare.Product
<= Shelf is initialized. =>
<= Cart from DB Deleted. =>
Working on test <= SkincareShelf Specification =>
class skincare.Product
<= Shelf is initialized. =>
<= Cart from DB Deleted. =>
Working on test <= SkincareShelf Specification =>
class skincare.Product
<= Shelf is initialized. =>
<= Cart from DB Deleted. =>
]]></system-out>
  <system-err><![CDATA[]]></system-err>
</testsuite>
